# JRE version: 6.0_30-b30
# Java VM: OpenJDK Zero VM (23.25-b01 mixed mode linux-arm )
Heap
 def new generation   total 13824K, used 172K [0x4be80000, 0x4cd60000, 0x53e80000)
  eden space 12416K,   1% used [0x4be80000, 0x4beab280, 0x4caa0000)
  from space 1408K,   0% used [0x4caa0000, 0x4caa0000, 0x4cc00000)
  to   space 1408K,   0% used [0x4cc00000, 0x4cc00000, 0x4cd60000)
 tenured generation   total 30384K, used 18228K [0x53e80000, 0x55c2c000, 0x63e80000)
   the space 30384K,  59% used [0x53e80000, 0x5504d2f8, 0x5504d400, 0x55c2c000)
 compacting perm gen  total 33024K, used 32771K [0x63e80000, 0x65ec0000, 0x73e80000)
   the space 33024K,  99% used [0x63e80000, 0x65e80d58, 0x65e80e00, 0x65ec0000)
GC Heap History (10 events):
Event: 37.720 GC heap before
{Heap before GC invocations=12 (full 5):
 def new generation   total 12544K, used 11262K [0x4be80000, 0x4cc00000, 0x53e80000)
  eden space 11264K,  99% used [0x4be80000, 0x4c97fb70, 0x4c980000)
  from space 1280K,   0% used [0x4cac0000, 0x4cac0000, 0x4cc00000)
  to   space 1280K,   0% used [0x4c980000, 0x4c980000, 0x4cac0000)
 tenured generation   total 27392K, used 12737K [0x53e80000, 0x55940000, 0x63e80000)
   the space 27392K,  46% used [0x53e80000, 0x54af0670, 0x54af0800, 0x55940000)
 compacting perm gen  total 27904K, used 27697K [0x63e80000, 0x659c0000, 0x73e80000)
   the space 27904K,  99% used [0x63e80000, 0x6598c728, 0x6598c800, 0x659c0000)
No shared spaces configured.
Event: 37.802 GC heap after
Heap after GC invocations=13 (full 5):
 def new generation   total 12544K, used 1280K [0x4be80000, 0x4cc00000, 0x53e80000)
  eden space 11264K,   0% used [0x4be80000, 0x4be80000, 0x4c980000)
  from space 1280K, 100% used [0x4c980000, 0x4cac0000, 0x4cac0000)
  to   space 1280K,   0% used [0x4cac0000, 0x4cac0000, 0x4cc00000)
 tenured generation   total 27392K, used 12789K [0x53e80000, 0x55940000, 0x63e80000)
   the space 27392K,  46% used [0x53e80000, 0x54afd430, 0x54afd600, 0x55940000)
 compacting perm gen  total 27904K, used 27697K [0x63e80000, 0x659c0000, 0x73e80000)
   the space 27904K,  99% used [0x63e80000, 0x6598c728, 0x6598c800, 0x659c0000)
No shared spaces configured.
}
Event: 38.364 GC heap before
{Heap before GC invocations=13 (full 5):
 def new generation   total 12544K, used 5368K [0x4be80000, 0x4cc00000, 0x53e80000)
  eden space 11264K,  36% used [0x4be80000, 0x4c27e2f0, 0x4c980000)
  from space 1280K, 100% used [0x4c980000, 0x4cac0000, 0x4cac0000)
  to   space 1280K,   0% used [0x4cac0000, 0x4cac0000, 0x4cc00000)
 tenured generation   total 27392K, used 12789K [0x53e80000, 0x55940000, 0x63e80000)
   the space 27392K,  46% used [0x53e80000, 0x54afd430, 0x54afd600, 0x55940000)
 compacting perm gen  total 28672K, used 28672K [0x63e80000, 0x65a80000, 0x73e80000)
   the space 28672K, 100% used [0x63e80000, 0x65a80000, 0x65a80000, 0x65a80000)
No shared spaces configured.
Event: 38.683 GC heap after
Heap after GC invocations=14 (full 6):
 def new generation   total 12544K, used 0K [0x4be80000, 0x4cc00000, 0x53e80000)
  eden space 11264K,   0% used [0x4be80000, 0x4be80000, 0x4c980000)
  from space 1280K,   0% used [0x4c980000, 0x4c980000, 0x4cac0000)
  to   space 1280K,   0% used [0x4cac0000, 0x4cac0000, 0x4cc00000)
 tenured generation   total 27392K, used 14844K [0x53e80000, 0x55940000, 0x63e80000)
   the space 27392K,  54% used [0x53e80000, 0x54cff088, 0x54cff200, 0x55940000)
 compacting perm gen  total 28672K, used 28672K [0x63e80000, 0x65a80000, 0x73e80000)
   the space 28672K, 100% used [0x63e80000, 0x65a80000, 0x65a80000, 0x65a80000)
No shared spaces configured.
}
Event: 39.795 GC heap before
{Heap before GC invocations=14 (full 6):
 def new generation   total 12544K, used 11264K [0x4be80000, 0x4cc00000, 0x53e80000)
  eden space 11264K, 100% used [0x4be80000, 0x4c980000, 0x4c980000)
  from space 1280K,   0% used [0x4c980000, 0x4c980000, 0x4cac0000)
  to   space 1280K,   0% used [0x4cac0000, 0x4cac0000, 0x4cc00000)
 tenured generation   total 27392K, used 14844K [0x53e80000, 0x55940000, 0x63e80000)
   the space 27392K,  54% used [0x53e80000, 0x54cff088, 0x54cff200, 0x55940000)
 compacting perm gen  total 29696K, used 29526K [0x63e80000, 0x65b80000, 0x73e80000)
   the space 29696K,  99% used [0x63e80000, 0x65b558b0, 0x65b55a00, 0x65b80000)
No shared spaces configured.
Event: 39.811 GC heap after
Heap after GC invocations=15 (full 6):
 def new generation   total 12544K, used 711K [0x4be80000, 0x4cc00000, 0x53e80000)
  eden space 11264K,   0% used [0x4be80000, 0x4be80000, 0x4c980000)
  from space 1280K,  55% used [0x4cac0000, 0x4cb71e78, 0x4cc00000)
  to   space 1280K,   0% used [0x4c980000, 0x4c980000, 0x4cac0000)
 tenured generation   total 27392K, used 14844K [0x53e80000, 0x55940000, 0x63e80000)
   the space 27392K,  54% used [0x53e80000, 0x54cff088, 0x54cff200, 0x55940000)
 compacting perm gen  total 29696K, used 29526K [0x63e80000, 0x65b80000, 0x73e80000)
   the space 29696K,  99% used [0x63e80000, 0x65b558b0, 0x65b55a00, 0x65b80000)
No shared spaces configured.
}
Event: 41.809 GC heap before
{Heap before GC invocations=15 (full 6):
 def new generation   total 12544K, used 11973K [0x4be80000, 0x4cc00000, 0x53e80000)
  eden space 11264K,  99% used [0x4be80000, 0x4c97f7e0, 0x4c980000)
  from space 1280K,  55% used [0x4cac0000, 0x4cb71e78, 0x4cc00000)
  to   space 1280K,   0% used [0x4c980000, 0x4c980000, 0x4cac0000)
 tenured generation   total 27392K, used 14844K [0x53e80000, 0x55940000, 0x63e80000)
   the space 27392K,  54% used [0x53e80000, 0x54cff088, 0x54cff200, 0x55940000)
 compacting perm gen  total 31744K, used 31524K [0x63e80000, 0x65d80000, 0x73e80000)
   the space 31744K,  99% used [0x63e80000, 0x65d49300, 0x65d49400, 0x65d80000)
No shared spaces configured.
Event: 41.843 GC heap after
Heap after GC invocations=16 (full 6):
 def new generation   total 12544K, used 1280K [0x4be80000, 0x4cc00000, 0x53e80000)
  eden space 11264K,   0% used [0x4be80000, 0x4be80000, 0x4c980000)
  from space 1280K, 100% used [0x4c980000, 0x4cac0000, 0x4cac0000)
  to   space 1280K,   0% used [0x4cac0000, 0x4cac0000, 0x4cc00000)
 tenured generation   total 27392K, used 15632K [0x53e80000, 0x55940000, 0x63e80000)
   the space 27392K,  57% used [0x53e80000, 0x54dc4078, 0x54dc4200, 0x55940000)
 compacting perm gen  total 31744K, used 31524K [0x63e80000, 0x65d80000, 0x73e80000)
   the space 31744K,  99% used [0x63e80000, 0x65d49300, 0x65d49400, 0x65d80000)
No shared spaces configured.
}
Event: 44.239 GC heap before
{Heap before GC invocations=16 (full 6):
 def new generation   total 12544K, used 12256K [0x4be80000, 0x4cc00000, 0x53e80000)
  eden space 11264K,  97% used [0x4be80000, 0x4c938088, 0x4c980000)
  from space 1280K, 100% used [0x4c980000, 0x4cac0000, 0x4cac0000)
  to   space 1280K,   0% used [0x4cac0000, 0x4cac0000, 0x4cc00000)
 tenured generation   total 27392K, used 15632K [0x53e80000, 0x55940000, 0x63e80000)
   the space 27392K,  57% used [0x53e80000, 0x54dc4078, 0x54dc4200, 0x55940000)
 compacting perm gen  total 32768K, used 32766K [0x63e80000, 0x65e80000, 0x73e80000)
   the space 32768K,  99% used [0x63e80000, 0x65e7fbb0, 0x65e7fc00, 0x65e80000)
No shared spaces configured.
Event: 44.584 GC heap after
Heap after GC invocations=17 (full 7):
 def new generation   total 13824K, used 0K [0x4be80000, 0x4cd60000, 0x53e80000)
  eden space 12416K,   0% used [0x4be80000, 0x4be80000, 0x4caa0000)
  from space 1408K,   0% used [0x4caa0000, 0x4caa0000, 0x4cc00000)
  to   space 1408K,   0% used [0x4cc00000, 0x4cc00000, 0x4cd60000)
 tenured generation   total 30384K, used 18228K [0x53e80000, 0x55c2c000, 0x63e80000)
   the space 30384K,  59% used [0x53e80000, 0x5504d2f8, 0x5504d400, 0x55c2c000)
 compacting perm gen  total 32768K, used 32766K [0x63e80000, 0x65e80000, 0x73e80000)
   the space 32768K,  99% used [0x63e80000, 0x65e7fbb0, 0x65e7fc00, 0x65e80000)
No shared spaces configured.
}

